\BOOKMARK [0][-]{section*.2}{Classical Dynamics of Harmonically Trapped Interacting Particles}{}% 2
\BOOKMARK [1][-]{section*.1}{Abstract}{section*.2}% 1
\BOOKMARK [1][-]{section*.3}{Introduction}{section*.2}% 3
\BOOKMARK [1][-]{section*.4}{The model and its equilibrium properties}{section*.2}% 4
\BOOKMARK [2][-]{section*.5}{Model and Scaling}{section*.4}% 5
\BOOKMARK [2][-]{section*.6}{Cloud size or `radius'}{section*.4}% 6
\BOOKMARK [2][-]{section*.7}{Ground states}{section*.4}% 7
\BOOKMARK [2][-]{section*.8}{Phase space distribution}{section*.4}% 8
\BOOKMARK [2][-]{section*.9}{Numerical calculations}{section*.4}% 9
\BOOKMARK [1][-]{section*.10}{Breathing Frequency}{section*.2}% 10
\BOOKMARK [2][-]{section*.11}{Interaction-dependence}{section*.10}% 11
\BOOKMARK [2][-]{section*.12}{Estimates using the rotating phase space}{section*.10}% 12
\BOOKMARK [2][-]{section*.13}{Comparisons with numerical data}{section*.10}% 13
\BOOKMARK [1][-]{section*.14}{Relaxation and Thermalization}{section*.2}% 14
\BOOKMARK [2][-]{section*.15}{Few-particle considerations}{section*.14}% 15
\BOOKMARK [3][-]{section*.16}{Two particles}{section*.15}% 16
\BOOKMARK [3][-]{section*.17}{More particles}{section*.15}% 17
\BOOKMARK [2][-]{section*.18}{Relaxation condition and the Boltzmann distribution}{section*.14}% 18
\BOOKMARK [2][-]{section*.19}{Lyapunov Exponents}{section*.14}% 19
\BOOKMARK [2][-]{section*.20}{Shape of distribution in single-particle phase space}{section*.14}% 20
\BOOKMARK [1][-]{section*.21}{Discussion and Conclusions}{section*.2}% 21
\BOOKMARK [1][-]{section*.22}{References}{section*.2}% 22
