\BOOKMARK [0][-]{section*.2}{Classical Dynamics of Harmonically Trapped Interacting Particles}{}% 2
\BOOKMARK [1][-]{section*.1}{Abstract}{section*.2}% 1
\BOOKMARK [1][-]{section*.3}{Introduction}{section*.2}% 3
\BOOKMARK [1][-]{section*.4}{The model and its equilibrium properties}{section*.2}% 4
\BOOKMARK [2][-]{section*.5}{Model and Scaling}{section*.4}% 5
\BOOKMARK [2][-]{section*.6}{Ground states}{section*.4}% 6
\BOOKMARK [2][-]{section*.7}{Phase space distribution}{section*.4}% 7
\BOOKMARK [2][-]{section*.8}{Numerical calculations}{section*.4}% 8
\BOOKMARK [1][-]{section*.9}{Breathing Frequency}{section*.2}% 9
\BOOKMARK [2][-]{section*.10}{Interaction-dependence}{section*.9}% 10
\BOOKMARK [2][-]{section*.11}{Estimates using the rotating phase space}{section*.9}% 11
\BOOKMARK [2][-]{section*.12}{Comparisons with numerical data}{section*.9}% 12
\BOOKMARK [1][-]{section*.13}{Relaxation and Thermalization}{section*.2}% 13
\BOOKMARK [2][-]{section*.14}{Few-particle considerations}{section*.13}% 14
\BOOKMARK [3][-]{section*.15}{Two particles}{section*.14}% 15
\BOOKMARK [3][-]{section*.16}{More particles}{section*.14}% 16
\BOOKMARK [2][-]{section*.17}{Relaxation condition and the Boltzmann distribution}{section*.13}% 17
\BOOKMARK [2][-]{section*.18}{Lyapunov Exponents}{section*.13}% 18
\BOOKMARK [2][-]{section*.19}{Shape of distribution in single-particle phase space}{section*.13}% 19
\BOOKMARK [1][-]{section*.20}{Discussion and Conclusions}{section*.2}% 20
\BOOKMARK [1][-]{section*.21}{References}{section*.2}% 21
