This is pdfTeX, Version 3.14159265-2.6-1.40.17 (TeX Live 2016 on Slackware (SlackBuilds.org)) (preloaded format=pdflatex 2017.2.28)  14 DEC 2017 20:53
entering extended mode
 restricted \write18 enabled.
 %&-line parsing enabled.
**\nonstopmode\input draft_06.tex
(./draft_06.tex (/usr/share/texmf-dist/tex/latex/revtex/revtex4-1.cls
Document Class: revtex4-1 2010/07/25/20:33:00 4.1r (http://publish.aps.org/revt
ex4/ for documentation)
 Copyright (c) 2009 The American Physical Society.
 mailto:revtex@aps.org
 Licensed under the LPPL:
http://www.ctan.org/tex-archive/macros/latex/base/lppl.txt
 Arthur Ogawa <arthur_ogawa at sbcglobal dot net>
 Based on work by David Carlisle <david at dcarlisle.demon.co.uk>.
ltxutil[2010/07/25/20:33:00 4.1r utilities package (portions licensed from W. E
. Baxter web at superscript.com)]
LaTeX Info: Redefining \@centercr on input line 308.
Class revtex4-1 Info: Repairing broken LaTeX eqnarray on input line 358.
\eqncolsep=\skip41
Class revtex4-1 Info: Repairing hyperref-unfriendly LaTeX definition of \mpfoot
note on input line 433.
Class revtex4-1 Info: Repairing broken LateX \@sect on input line 755.
\intertabularlinepenalty=\count79
\@tbpen=\count80
\@arstrutbox@hline=\box26
Class revtex4-1 Info: Repairing broken LaTeX \@xbitor on input line 1786.
Class revtex4-1 Info: Making \typeout \long on input line 2046.
ltxfront[2010/07/25/20:33:00 4.1r frontmatter package (AO,DPC)]
\c@affil=\count81
\c@collab=\count82
\absbox=\box27
ltxgrid[2010/07/25/20:33:00 4.1r page grid package (portions licensed from W. E
. Baxter web at superscript.com)]
\c@linecount=\count83
\output@latex=\toks14
\box@size@1=\box28
\box@size@2=\box29
\@protection@box=\box30
\@topmark@saved=\toks15
\footins@saved=\box31
\footins@recovered=\box32
\column@recovered=\box33
\pagesofar=\box34
\footsofar=\box35
\pagegrid@col=\count84
Class revtex4-1 Info: Overriding \@vspace, \@vspacer, \@no@pgbk, \@newline, and
 \\  on input line 5578.
\c@part=\count85
\c@section=\count86
\c@subsection=\count87
\c@subsubsection=\count88
\c@paragraph=\count89
\c@subparagraph=\count90
\abovecaptionskip=\skip42
\belowcaptionskip=\skip43
\c@figure=\count91
\fbox@1=\box36
\c@table=\count92
\fbox@2=\box37
\c@video=\count93
\fbox@4=\box38
\@bibdataout=\write3
\widetext@top=\box39
\widetext@bot=\box40

Class revtex4-1 Warning: No Society specified, using default society aps.

(/usr/share/texmf-dist/tex/latex/revtex/aps4-1.rtx
File: aps4-1 2010/07/25/20:33:00 4.1r (http://publish.aps.org/revtex4/ for docu
mentation)
Class revtex4-1 Info: RevTeX society APS selected on input line 31.
)
Class revtex4-1 Info: Selecting journal pra on input line 7544.
Class revtex4-1 Info: APS journal PRA selected on input line 7545.


Class revtex4-1 Warning: No type size specified, using default 10.

(/usr/share/texmf-dist/tex/latex/revtex/aps10pt4-1.rtx
File: aps10pt4-1 2010/07/25/20:33:00 4.1r (http://publish.aps.org/revtex4/ for 
documentation)
Class revtex4-1 Info: RevTeX pointsize 10pt selected on input line 30.
)
(/usr/share/texmf-dist/tex/latex/textcase/textcase.sty
Package: textcase 2004/10/07 v0.07 Text only upper/lower case changing (DPC)
)
(/usr/share/texmf-dist/tex/latex/url/url.sty
\Urlmuskip=\muskip10
Package: url 2013/09/16  ver 3.4  Verb mode for urls, etc.
)
(/usr/share/texmf-dist/tex/latex/natbib/natbib.sty
Package: natbib 2010/09/13 8.31b (PWD, AO)
\bibhang=\skip44
\bibsep=\skip45
LaTeX Info: Redefining \cite on input line 694.
\c@NAT@ctr=\count94
)
Class revtex4-1 Info: Repairing natbib's \BibitemShut on input line 7549.

(/usr/share/texmf-dist/tex/latex/revtex/revsymb4-1.sty
Package: revsymb4-1 2010/07/25/20:33:00 4.1r (http://publish.aps.org/revtex4/ f
or documentation)
LaTeX Info: Redefining \REV@mathfrak on input line 119.
))
(/usr/share/texmf-dist/tex/latex/amsmath/amsmath.sty
Package: amsmath 2016/06/28 v2.15d AMS math features
\@mathmargin=\skip46

For additional information on amsmath, use the `?' option.
(/usr/share/texmf-dist/tex/latex/amsmath/amstext.sty
Package: amstext 2000/06/29 v2.01 AMS text

(/usr/share/texmf-dist/tex/latex/amsmath/amsgen.sty
File: amsgen.sty 1999/11/30 v2.0 generic functions
\@emptytoks=\toks16
\ex@=\dimen102
)
LaTeX Info: Redefining \text on input line 28.
)
(/usr/share/texmf-dist/tex/latex/amsmath/amsbsy.sty
Package: amsbsy 1999/11/29 v1.2d Bold Symbols
\pmbraise@=\dimen103
)
(/usr/share/texmf-dist/tex/latex/amsmath/amsopn.sty
Package: amsopn 2016/03/08 v2.02 operator names
)
\inf@bad=\count95
LaTeX Info: Redefining \frac on input line 199.
\uproot@=\count96
\leftroot@=\count97
LaTeX Info: Redefining \overline on input line 297.
\classnum@=\count98
\DOTSCASE@=\count99
LaTeX Info: Redefining \ldots on input line 394.
LaTeX Info: Redefining \dots on input line 397.
LaTeX Info: Redefining \cdots on input line 518.
\Mathstrutbox@=\box41
\strutbox@=\box42
\big@size=\dimen104
LaTeX Font Info:    Redeclaring font encoding OML on input line 634.
LaTeX Font Info:    Redeclaring font encoding OMS on input line 635.
\macc@depth=\count100
\c@MaxMatrixCols=\count101
\dotsspace@=\muskip11
\c@parentequation=\count102
\dspbrk@lvl=\count103
\tag@help=\toks17
\row@=\count104
\column@=\count105
\maxfields@=\count106
\andhelp@=\toks18
\eqnshift@=\dimen105
\alignsep@=\dimen106
\tagshift@=\dimen107
\tagwidth@=\dimen108
\totwidth@=\dimen109
\lineht@=\dimen110
\@envbody=\toks19
\multlinegap=\skip47
\multlinetaggap=\skip48
\mathdisplay@stack=\toks20
LaTeX Info: Redefining \[ on input line 2739.
LaTeX Info: Redefining \] on input line 2740.
)
(/usr/share/texmf-dist/tex/latex/amsfonts/amsfonts.sty
Package: amsfonts 2013/01/14 v3.01 Basic AMSFonts support
\symAMSa=\mathgroup4
\symAMSb=\mathgroup5
LaTeX Font Info:    Overwriting math alphabet `\mathfrak' in version `bold'
(Font)                  U/euf/m/n --> U/euf/b/n on input line 106.
LaTeX Info: Redefining \frak on input line 111.
LaTeX Info: Redefining \Bbb on input line 113.
)
(/usr/share/texmf-dist/tex/latex/amsfonts/amssymb.sty
Package: amssymb 2013/01/14 v3.01 AMS font symbols
)
(/usr/share/texmf-dist/tex/latex/graphics/graphicx.sty
Package: graphicx 2014/10/28 v1.0g Enhanced LaTeX Graphics (DPC,SPQR)

(/usr/share/texmf-dist/tex/latex/graphics/keyval.sty
Package: keyval 2014/10/28 v1.15 key=value parser (DPC)
\KV@toks@=\toks21
)
(/usr/share/texmf-dist/tex/latex/graphics/graphics.sty
Package: graphics 2016/07/10 v1.0t Standard LaTeX Graphics (DPC,SPQR)

(/usr/share/texmf-dist/tex/latex/graphics/trig.sty
Package: trig 2016/01/03 v1.10 sin cos tan (DPC)
)
(/usr/share/texmf-dist/tex/latex/graphics-cfg/graphics.cfg
File: graphics.cfg 2016/06/04 v1.11 sample graphics configuration
)
Package graphics Info: Driver file: pdftex.def on input line 99.

(/usr/share/texmf-dist/tex/latex/graphics-def/pdftex.def
File: pdftex.def 2016/07/10 v0.06j Graphics/color for pdfTeX

(/usr/share/texmf-dist/tex/generic/oberdiek/infwarerr.sty
Package: infwarerr 2016/05/16 v1.4 Providing info/warning/error messages (HO)
)
(/usr/share/texmf-dist/tex/generic/oberdiek/ltxcmds.sty
Package: ltxcmds 2016/05/16 v1.23 LaTeX kernel commands for general use (HO)
)
\Gread@gobject=\count107
))
\Gin@req@height=\dimen111
\Gin@req@width=\dimen112
)
(/usr/share/texmf-dist/tex/latex/subfigure/subfigure.sty
Package: subfigure 2002/03/15 v2.1.5 subfigure package
\subfigtopskip=\skip49
\subfigcapskip=\skip50
\subfigcaptopadj=\dimen113
\subfigbottomskip=\skip51
\subfigcapmargin=\dimen114
\subfiglabelskip=\skip52
\c@subfigure=\count108
\c@lofdepth=\count109
\c@subtable=\count110
\c@lotdepth=\count111

****************************************
* Local config file subfigure.cfg used *
****************************************
(/usr/share/texmf-dist/tex/latex/subfigure/subfigure.cfg)
\subfig@top=\skip53
\subfig@bottom=\skip54
)
(/usr/share/texmf-dist/tex/latex/tools/enumerate.sty
Package: enumerate 2015/07/23 v3.00 enumerate extensions (DPC)
\@enLab=\toks22
)
(/usr/share/texmf-dist/tex/latex/tools/verbatim.sty
Package: verbatim 2014/10/28 v1.5q LaTeX2e package for verbatim enhancements
\every@verbatim=\toks23
\verbatim@line=\toks24
\verbatim@in@stream=\read1
)
(/usr/share/texmf-dist/tex/latex/graphics/color.sty
Package: color 2016/07/10 v1.1e Standard LaTeX Color (DPC)

(/usr/share/texmf-dist/tex/latex/graphics-cfg/color.cfg
File: color.cfg 2016/01/02 v1.6 sample color configuration
)
Package color Info: Driver file: pdftex.def on input line 147.
)
(/usr/share/texmf-dist/tex/latex/xcolor/xcolor.sty
Package: xcolor 2016/05/11 v2.12 LaTeX color extensions (UK)

(/usr/share/texmf-dist/tex/latex/graphics-cfg/color.cfg
File: color.cfg 2016/01/02 v1.6 sample color configuration
)
Package xcolor Info: Driver file: pdftex.def on input line 225.
LaTeX Info: Redefining \color on input line 709.
Package xcolor Info: Model `cmy' substituted by `cmy0' on input line 1348.
Package xcolor Info: Model `hsb' substituted by `rgb' on input line 1352.
Package xcolor Info: Model `RGB' extended on input line 1364.
Package xcolor Info: Model `HTML' substituted by `rgb' on input line 1366.
Package xcolor Info: Model `Hsb' substituted by `hsb' on input line 1367.
Package xcolor Info: Model `tHsb' substituted by `hsb' on input line 1368.
Package xcolor Info: Model `HSB' substituted by `hsb' on input line 1369.
Package xcolor Info: Model `Gray' substituted by `gray' on input line 1370.
Package xcolor Info: Model `wave' substituted by `hsb' on input line 1371.
)
(/usr/share/texmf-dist/tex/latex/tools/bm.sty
Package: bm 2016/07/07 v1.2b Bold Symbol Support (DPC/FMi)
\symboldoperators=\mathgroup6
\symboldletters=\mathgroup7
\symboldsymbols=\mathgroup8
LaTeX Font Info:    Redeclaring math alphabet \mathbf on input line 142.
LaTeX Info: Redefining \bm on input line 208.
)
(/usr/share/texmf-dist/tex/latex/hyperref/hyperref.sty
Package: hyperref 2016/06/24 v6.83q Hypertext links for LaTeX

(/usr/share/texmf-dist/tex/generic/oberdiek/hobsub-hyperref.sty
Package: hobsub-hyperref 2016/05/16 v1.14 Bundle oberdiek, subset hyperref (HO)


(/usr/share/texmf-dist/tex/generic/oberdiek/hobsub-generic.sty
Package: hobsub-generic 2016/05/16 v1.14 Bundle oberdiek, subset generic (HO)
Package: hobsub 2016/05/16 v1.14 Construct package bundles (HO)
Package hobsub Info: Skipping package `infwarerr' (already loaded).
Package hobsub Info: Skipping package `ltxcmds' (already loaded).
Package: ifluatex 2016/05/16 v1.4 Provides the ifluatex switch (HO)
Package ifluatex Info: LuaTeX not detected.
Package: ifvtex 2016/05/16 v1.6 Detect VTeX and its facilities (HO)
Package ifvtex Info: VTeX not detected.
Package: intcalc 2016/05/16 v1.2 Expandable calculations with integers (HO)
Package: ifpdf 2016/05/14 v3.1 Provides the ifpdf switch
Package: etexcmds 2016/05/16 v1.6 Avoid name clashes with e-TeX commands (HO)
Package etexcmds Info: Could not find \expanded.
(etexcmds)             That can mean that you are not using pdfTeX 1.50 or
(etexcmds)             that some package has redefined \expanded.
(etexcmds)             In the latter case, load this package earlier.
Package: kvsetkeys 2016/05/16 v1.17 Key value parser (HO)
Package: kvdefinekeys 2016/05/16 v1.4 Define keys (HO)
Package: pdftexcmds 2016/05/21 v0.22 Utility functions of pdfTeX for LuaTeX (HO
)
Package pdftexcmds Info: LuaTeX not detected.
Package pdftexcmds Info: \pdf@primitive is available.
Package pdftexcmds Info: \pdf@ifprimitive is available.
Package pdftexcmds Info: \pdfdraftmode found.
Package: pdfescape 2016/05/16 v1.14 Implements pdfTeX's escape features (HO)
Package: bigintcalc 2016/05/16 v1.4 Expandable calculations on big integers (HO
)
Package: bitset 2016/05/16 v1.2 Handle bit-vector datatype (HO)
Package: uniquecounter 2016/05/16 v1.3 Provide unlimited unique counter (HO)
)
Package hobsub Info: Skipping package `hobsub' (already loaded).
Package: letltxmacro 2016/05/16 v1.5 Let assignment for LaTeX macros (HO)
Package: hopatch 2016/05/16 v1.3 Wrapper for package hooks (HO)
Package: xcolor-patch 2016/05/16 xcolor patch
Package: atveryend 2016/05/16 v1.9 Hooks at the very end of document (HO)
Package: atbegshi 2016/06/09 v1.18 At begin shipout hook (HO)
Package: refcount 2016/05/16 v3.5 Data extraction from label references (HO)
Package: hycolor 2016/05/16 v1.8 Color options for hyperref/bookmark (HO)
)
(/usr/share/texmf-dist/tex/generic/ifxetex/ifxetex.sty
Package: ifxetex 2010/09/12 v0.6 Provides ifxetex conditional
)
(/usr/share/texmf-dist/tex/latex/oberdiek/auxhook.sty
Package: auxhook 2016/05/16 v1.4 Hooks for auxiliary files (HO)
)
(/usr/share/texmf-dist/tex/latex/oberdiek/kvoptions.sty
Package: kvoptions 2016/05/16 v3.12 Key value format for package options (HO)
)
\@linkdim=\dimen115
\Hy@linkcounter=\count112
\Hy@pagecounter=\count113

(/usr/share/texmf-dist/tex/latex/hyperref/pd1enc.def
File: pd1enc.def 2016/06/24 v6.83q Hyperref: PDFDocEncoding definition (HO)
)
\Hy@SavedSpaceFactor=\count114

(/usr/share/texmf-dist/tex/latex/latexconfig/hyperref.cfg
File: hyperref.cfg 2002/06/06 v1.2 hyperref configuration of TeXLive
)
Package hyperref Info: Hyper figures OFF on input line 4486.
Package hyperref Info: Link nesting OFF on input line 4491.
Package hyperref Info: Hyper index ON on input line 4494.
Package hyperref Info: Plain pages OFF on input line 4501.
Package hyperref Info: Backreferencing OFF on input line 4506.
Package hyperref Info: Implicit mode ON; LaTeX internals redefined.
Package hyperref Info: Bookmarks ON on input line 4735.
LaTeX Info: Redefining \href on input line 4999.
\c@Hy@tempcnt=\count115
LaTeX Info: Redefining \url on input line 5088.
\XeTeXLinkMargin=\dimen116
\Fld@menulength=\count116
\Field@Width=\dimen117
\Fld@charsize=\dimen118
Package hyperref Info: Hyper figures OFF on input line 6342.
Package hyperref Info: Link nesting OFF on input line 6347.
Package hyperref Info: Hyper index ON on input line 6350.
Package hyperref Info: backreferencing OFF on input line 6357.
Package hyperref Info: Link coloring OFF on input line 6362.
Package hyperref Info: Link coloring with OCG OFF on input line 6367.
Package hyperref Info: PDF/A mode OFF on input line 6372.
LaTeX Info: Redefining \ref on input line 6412.
LaTeX Info: Redefining \pageref on input line 6416.
\Hy@abspage=\count117
\c@Item=\count118
\c@Hfootnote=\count119
)

Package hyperref Message: Driver (autodetected): hpdftex.

(/usr/share/texmf-dist/tex/latex/hyperref/hpdftex.def
File: hpdftex.def 2016/06/24 v6.83q Hyperref driver for pdfTeX
\Fld@listcount=\count120
\c@bookmark@seq@number=\count121

(/usr/share/texmf-dist/tex/latex/oberdiek/rerunfilecheck.sty
Package: rerunfilecheck 2016/05/16 v1.8 Rerun checks for auxiliary files (HO)
Package uniquecounter Info: New unique counter `rerunfilecheck' on input line 2
82.
)
\Hy@SectionHShift=\skip55
)
Package hyperref Info: Option `colorlinks' set `false' on input line 26.

(/usr/share/texmf-dist/tex/latex/oberdiek/epstopdf.sty
Package: epstopdf 2016/05/15 v2.6 Conversion with epstopdf on the fly (HO)

(/usr/share/texmf-dist/tex/latex/oberdiek/epstopdf-base.sty
Package: epstopdf-base 2016/05/15 v2.6 Base part for package epstopdf

(/usr/share/texmf-dist/tex/latex/oberdiek/grfext.sty
Package: grfext 2016/05/16 v1.2 Manage graphics extensions (HO)
)
Package epstopdf-base Info: Redefining graphics rule for `.eps' on input line 4
38.
Package grfext Info: Graphics extension search list:
(grfext)             [.png,.pdf,.jpg,.mps,.jpeg,.jbig2,.jb2,.PNG,.PDF,.JPG,.JPE
G,.JBIG2,.JB2,.eps]
(grfext)             \AppendGraphicsExtensions on input line 456.

(/usr/share/texmf-dist/tex/latex/latexconfig/epstopdf-sys.cfg
File: epstopdf-sys.cfg 2010/07/13 v1.3 Configuration of (r)epstopdf for TeX Liv
e
)))
Class revtex4-1 Info: Patching LaTeX tabular. on input line 30.
Class revtex4-1 Info: Robustifying \LaTeX's \boldmath command on input line 30.

Class revtex4-1 Info: cite was not loaded (OK!) on input line 30.
Class revtex4-1 Info: mcite was not loaded (OK!) on input line 30.
Class revtex4-1 Info: multicol was not loaded (OK!) on input line 30.

(./draft_06.aux

LaTeX Warning: Label `section:Shape' multiply defined.

)
\openout1 = `draft_06.aux'.

LaTeX Font Info:    Checking defaults for OML/cmm/m/it on input line 30.
LaTeX Font Info:    ... okay on input line 30.
LaTeX Font Info:    Checking defaults for T1/cmr/m/n on input line 30.
LaTeX Font Info:    ... okay on input line 30.
LaTeX Font Info:    Checking defaults for OT1/cmr/m/n on input line 30.
LaTeX Font Info:    ... okay on input line 30.
LaTeX Font Info:    Checking defaults for OMS/cmsy/m/n on input line 30.
LaTeX Font Info:    ... okay on input line 30.
LaTeX Font Info:    Checking defaults for OMX/cmex/m/n on input line 30.
LaTeX Font Info:    ... okay on input line 30.
LaTeX Font Info:    Checking defaults for U/cmr/m/n on input line 30.
LaTeX Font Info:    ... okay on input line 30.
LaTeX Font Info:    Checking defaults for PD1/pdf/m/n on input line 30.
LaTeX Font Info:    ... okay on input line 30.
 (/usr/share/texmf-dist/tex/context/base/mkii/supp-pdf.mkii
[Loading MPS to PDF converter (version 2006.09.02).]
\scratchcounter=\count122
\scratchdimen=\dimen119
\scratchbox=\box43
\nofMPsegments=\count123
\nofMParguments=\count124
\everyMPshowfont=\toks25
\MPscratchCnt=\count125
\MPscratchDim=\dimen120
\MPnumerator=\count126
\makeMPintoPDFobject=\count127
\everyMPtoPDFconversion=\toks26
)
\AtBeginShipoutBox=\box44
Package hyperref Info: Link coloring OFF on input line 30.
 (/usr/share/texmf-dist/tex/latex/hyperref/nameref.sty
Package: nameref 2016/05/21 v2.44 Cross-referencing by name of section

(/usr/share/texmf-dist/tex/generic/oberdiek/gettitlestring.sty
Package: gettitlestring 2016/05/16 v1.5 Cleanup title references (HO)
)
\c@section@level=\count128
)
LaTeX Info: Redefining \ref on input line 30.
LaTeX Info: Redefining \pageref on input line 30.
LaTeX Info: Redefining \nameref on input line 30.

(./draft_06.out) (./draft_06.out)
\@outlinefile=\write4
\openout4 = `draft_06.out'.

Class revtex4-1 Info: Taking \maketitle back from hyperref on input line 30.
\openout3 = `draft_06Notes.bib'.

LaTeX Font Info:    Try loading font information for U+msa on input line 56.

(/usr/share/texmf-dist/tex/latex/amsfonts/umsa.fd
File: umsa.fd 2013/01/14 v3.01 AMS symbols A
)
LaTeX Font Info:    Try loading font information for U+msb on input line 56.

(/usr/share/texmf-dist/tex/latex/amsfonts/umsb.fd
File: umsb.fd 2013/01/14 v3.01 AMS symbols B
) [1{/usr/share/texmf-var/fonts/map/pdftex/updmap/pdftex.map}]

Package natbib Warning: Citation `ZarembaTowers_PRA2014' on page 2 undefined on
 input line 100.

[2] [3]

LaTeX Warning: Command \textless invalid in math mode on input line 306.

LaTeX Font Info:    Try loading font information for OML+cmr on input line 306.

(/usr/share/texmf-dist/tex/latex/base/omlcmr.fd
File: omlcmr.fd 2014/09/29 v2.5h Standard LaTeX font definitions
)
LaTeX Font Info:    Font shape `OML/cmr/m/n' in size <10> not available
(Font)              Font shape `OML/cmm/m/it' tried instead on input line 306.


LaTeX Warning: Command \textless invalid in math mode on input line 306.


LaTeX Warning: Command \textless invalid in math mode on input line 323.


LaTeX Warning: Command \textless invalid in math mode on input line 323.

[4]
Package epstopdf Info: Source file: <ZhiyuPictures/N=5_GS_pre_2_rev.eps>
(epstopdf)                    date: 2017-03-22 21:14:30
(epstopdf)                    size: 88799 bytes
(epstopdf)             Output file: <ZhiyuPictures/N=5_GS_pre_2_rev-eps-convert
ed-to.pdf>
(epstopdf)                    date: 2017-03-22 21:14:30
(epstopdf)                    size: 13066 bytes
(epstopdf)             Command: <repstopdf --outfile=ZhiyuPictures/N=5_GS_pre_2
_rev-eps-converted-to.pdf ZhiyuPictures/N=5_GS_pre_2_rev.eps>
(epstopdf)             \includegraphics on input line 363.
Package epstopdf Info: Output file is already uptodate.

<ZhiyuPictures/N=5_GS_pre_2_rev-eps-converted-to.pdf, id=196, 452.69125pt x 312
.16624pt>
File: ZhiyuPictures/N=5_GS_pre_2_rev-eps-converted-to.pdf Graphic file (type pd
f)
 <use ZhiyuPictures/N=5_GS_pre_2_rev-eps-converted-to.pdf>
Package pdftex.def Info: ZhiyuPictures/N=5_GS_pre_2_rev-eps-converted-to.pdf us
ed on input line 363.
(pdftex.def)             Requested size: 271.61684pt x 187.3012pt.
 [5 <./ZhiyuPictures/N=5_GS_pre_2_rev-eps-converted-to.pdf>]
<ZhiyuPictures/stationary_and_rotating_frame_t=1-5_5T.pdf, id=212, 903.375pt x 
451.6875pt>
File: ZhiyuPictures/stationary_and_rotating_frame_t=1-5_5T.pdf Graphic file (ty
pe pdf)
 <use ZhiyuPictures/stationary_and_rotating_frame_t=1-5_5T.pdf>
Package pdftex.def Info: ZhiyuPictures/stationary_and_rotating_frame_t=1-5_5T.p
df used on input line 411.
(pdftex.def)             Requested size: 458.99689pt x 229.50293pt.

<ZhiyuPictures/rotating_frame_t=0-80T.pdf, id=213, 903.375pt x 225.84375pt>
File: ZhiyuPictures/rotating_frame_t=0-80T.pdf Graphic file (type pdf)

<use ZhiyuPictures/rotating_frame_t=0-80T.pdf>
Package pdftex.def Info: ZhiyuPictures/rotating_frame_t=0-80T.pdf used on input
 line 423.
(pdftex.def)             Requested size: 458.99689pt x 114.75146pt.
 [6 <./ZhiyuPictures/stationary_and_rotating_frame_t=1-5_5T.pdf> <./ZhiyuPictur
es/rotating_frame_t=0-80T.pdf>]
<ZhiyuPictures/freq_scanF_differentE_log_2_with_oscillation_demo.png, id=251, 7
50.805pt x 520.94624pt>
File: ZhiyuPictures/freq_scanF_differentE_log_2_with_oscillation_demo.png Graph
ic file (type png)

<use ZhiyuPictures/freq_scanF_differentE_log_2_with_oscillation_demo.png>
Package pdftex.def Info: ZhiyuPictures/freq_scanF_differentE_log_2_with_oscilla
tion_demo.png used on input line 488.
(pdftex.def)             Requested size: 240.2625pt x 166.7062pt.

[7 <./ZhiyuPictures/freq_scanF_differentE_log_2_with_oscillation_demo.png>]
<ZhiyuPictures/bounce.png, id=268, 642.4pt x 508.90125pt>
File: ZhiyuPictures/bounce.png Graphic file (type png)

<use ZhiyuPictures/bounce.png>
Package pdftex.def Info: ZhiyuPictures/bounce.png used on input line 557.
(pdftex.def)             Requested size: 203.99689pt x 161.60153pt.

<ZhiyuPictures/pass.png, id=269, 631.35875pt x 500.87125pt>
File: ZhiyuPictures/pass.png Graphic file (type png)

<use ZhiyuPictures/pass.png>
Package pdftex.def Info: ZhiyuPictures/pass.png used on input line 562.
(pdftex.def)             Requested size: 203.99689pt x 161.83353pt.
 [8 <./ZhiyuPictures/bounce.png> <./ZhiyuPictures/pass.png>]
Package epstopdf Info: Source file: <ZhiyuPictures/freq_scanF_scanE_pre_Font18.
eps>
(epstopdf)                    date: 2017-10-19 10:24:58
(epstopdf)                    size: 285006 bytes
(epstopdf)             Output file: <ZhiyuPictures/freq_scanF_scanE_pre_Font18-
eps-converted-to.pdf>
(epstopdf)                    date: 2017-10-19 10:24:58
(epstopdf)                    size: 13055 bytes
(epstopdf)             Command: <repstopdf --outfile=ZhiyuPictures/freq_scanF_s
canE_pre_Font18-eps-converted-to.pdf ZhiyuPictures/freq_scanF_scanE_pre_Font18.
eps>
(epstopdf)             \includegraphics on input line 662.
Package epstopdf Info: Output file is already uptodate.

<ZhiyuPictures/freq_scanF_scanE_pre_Font18-eps-converted-to.pdf, id=290, 421.57
5pt x 316.18124pt>
File: ZhiyuPictures/freq_scanF_scanE_pre_Font18-eps-converted-to.pdf Graphic fi
le (type pdf)

<use ZhiyuPictures/freq_scanF_scanE_pre_Font18-eps-converted-to.pdf>
Package pdftex.def Info: ZhiyuPictures/freq_scanF_scanE_pre_Font18-eps-converte
d-to.pdf used on input line 662.
(pdftex.def)             Requested size: 252.94695pt x 189.7102pt.


LaTeX Warning: `h' float specifier changed to `ht'.

[9] <ZhiyuPictures/two_particles_a_01.pdf, id=307, 939.51pt x 259.97125pt>
File: ZhiyuPictures/two_particles_a_01.pdf Graphic file (type pdf)

<use ZhiyuPictures/two_particles_a_01.pdf>
Package pdftex.def Info: ZhiyuPictures/two_particles_a_01.pdf used on input lin
e 724.
(pdftex.def)             Requested size: 458.99689pt x 127.00621pt.
 [10 <./ZhiyuPictures/freq_scanF_scanE_pre_Font18-eps-converted-to.pdf>]
Package epstopdf Info: Source file: <ZhiyuPictures/pair1_pre.eps>
(epstopdf)                    date: 2017-03-22 21:14:30
(epstopdf)                    size: 2413050 bytes
(epstopdf)             Output file: <ZhiyuPictures/pair1_pre-eps-converted-to.p
df>
(epstopdf)                    date: 2017-03-22 21:14:30
(epstopdf)                    size: 147892 bytes
(epstopdf)             Command: <repstopdf --outfile=ZhiyuPictures/pair1_pre-ep
s-converted-to.pdf ZhiyuPictures/pair1_pre.eps>
(epstopdf)             \includegraphics on input line 787.
Package epstopdf Info: Output file is already uptodate.

<ZhiyuPictures/pair1_pre-eps-converted-to.pdf, id=331, 420.57124pt x 315.1775pt
>
File: ZhiyuPictures/pair1_pre-eps-converted-to.pdf Graphic file (type pdf)
 <use ZhiyuPictures/pair1_pre-eps-converted-to.pdf>
Package pdftex.def Info: ZhiyuPictures/pair1_pre-eps-converted-to.pdf used on i
nput line 787.
(pdftex.def)             Requested size: 255.0pt x 191.09897pt.

<ZhiyuPictures/Boltzmann_2panels_01-crop.pdf, id=332, 438.63875pt x 169.63374pt
>
File: ZhiyuPictures/Boltzmann_2panels_01-crop.pdf Graphic file (type pdf)
 <use ZhiyuPictures/Boltzmann_2panels_01-crop.pdf>
Package pdftex.def Info: ZhiyuPictures/Boltzmann_2panels_01-crop.pdf used on in
put line 833.
(pdftex.def)             Requested size: 433.50311pt x 167.65059pt.
 [11 <./ZhiyuPictures/two_particles_a_01.pdf>]
<ZhiyuPictures/Boltzmann_log_2panels_01-crop.pdf, id=362, 436.63126pt x 167.626
25pt>
File: ZhiyuPictures/Boltzmann_log_2panels_01-crop.pdf Graphic file (type pdf)
 <use ZhiyuPictures/Boltzmann_log_2panels_01-crop.pdf>
Package pdftex.def Info: ZhiyuPictures/Boltzmann_log_2panels_01-crop.pdf used o
n input line 867.
(pdftex.def)             Requested size: 408.00156pt x 156.63509pt.
 [12 <./ZhiyuPictures/pair1_pre-eps-converted-to.pdf> <./ZhiyuPictures/Boltzman
n_2panels_01-crop.pdf>]
<ZhiyuPictures/LLEdistribution_1_11_pre_hot2_screenshot.png, id=423, 559.08875p
t x 402.50375pt>
File: ZhiyuPictures/LLEdistribution_1_11_pre_hot2_screenshot.png Graphic file (
type png)

<use ZhiyuPictures/LLEdistribution_1_11_pre_hot2_screenshot.png>
Package pdftex.def Info: ZhiyuPictures/LLEdistribution_1_11_pre_hot2_screenshot
.png used on input line 929.
(pdftex.def)             Requested size: 223.63153pt x 160.99864pt.
 [13 <./ZhiyuPictures/Boltzmann_log_2panels_01-crop.pdf>]
Package epstopdf Info: Source file: <ZhiyuPictures/N=20_shape_F=1000_E=3000_1.e
ps>
(epstopdf)                    date: 2017-03-22 21:14:30
(epstopdf)                    size: 106878 bytes
(epstopdf)             Output file: <ZhiyuPictures/N=20_shape_F=1000_E=3000_1-e
ps-converted-to.pdf>
(epstopdf)                    date: 2017-03-22 21:14:30
(epstopdf)                    size: 22512 bytes
(epstopdf)             Command: <repstopdf --outfile=ZhiyuPictures/N=20_shape_F
=1000_E=3000_1-eps-converted-to.pdf ZhiyuPictures/N=20_shape_F=1000_E=3000_1.ep
s>
(epstopdf)             \includegraphics on input line 1033.
Package epstopdf Info: Output file is already uptodate.

<ZhiyuPictures/N=20_shape_F=1000_E=3000_1-eps-converted-to.pdf, id=488, 421.575
pt x 316.18124pt>
File: ZhiyuPictures/N=20_shape_F=1000_E=3000_1-eps-converted-to.pdf Graphic fil
e (type pdf)

<use ZhiyuPictures/N=20_shape_F=1000_E=3000_1-eps-converted-to.pdf>
Package pdftex.def Info: ZhiyuPictures/N=20_shape_F=1000_E=3000_1-eps-converted
-to.pdf used on input line 1033.
(pdftex.def)             Requested size: 168.627pt x 126.47025pt.
Package epstopdf Info: Source file: <ZhiyuPictures/N=20_shape_F=1000_E=3000_2_c
rude_begin.eps>
(epstopdf)                    date: 2017-03-22 21:14:30
(epstopdf)                    size: 1081295 bytes
(epstopdf)             Output file: <ZhiyuPictures/N=20_shape_F=1000_E=3000_2_c
rude_begin-eps-converted-to.pdf>
(epstopdf)                    date: 2017-03-22 21:14:30
(epstopdf)                    size: 98591 bytes
(epstopdf)             Command: <repstopdf --outfile=ZhiyuPictures/N=20_shape_F
=1000_E=3000_2_crude_begin-eps-converted-to.pdf ZhiyuPictures/N=20_shape_F=1000
_E=3000_2_crude_begin.eps>
(epstopdf)             \includegraphics on input line 1033.
Package epstopdf Info: Output file is already uptodate.

<ZhiyuPictures/N=20_shape_F=1000_E=3000_2_crude_begin-eps-converted-to.pdf, id=
489, 421.575pt x 316.18124pt>
File: ZhiyuPictures/N=20_shape_F=1000_E=3000_2_crude_begin-eps-converted-to.pdf
 Graphic file (type pdf)

<use ZhiyuPictures/N=20_shape_F=1000_E=3000_2_crude_begin-eps-converted-to.pdf>
Package pdftex.def Info: ZhiyuPictures/N=20_shape_F=1000_E=3000_2_crude_begin-e
ps-converted-to.pdf used on input line 1033.
(pdftex.def)             Requested size: 168.627pt x 126.47025pt.
Package epstopdf Info: Source file: <ZhiyuPictures/N=20_shape_F=1000_E=3000_2_c
rude_end.eps>
(epstopdf)                    date: 2017-03-22 21:14:30
(epstopdf)                    size: 1245692 bytes
(epstopdf)             Output file: <ZhiyuPictures/N=20_shape_F=1000_E=3000_2_c
rude_end-eps-converted-to.pdf>
(epstopdf)                    date: 2017-03-22 21:14:30
(epstopdf)                    size: 97843 bytes
(epstopdf)             Command: <repstopdf --outfile=ZhiyuPictures/N=20_shape_F
=1000_E=3000_2_crude_end-eps-converted-to.pdf ZhiyuPictures/N=20_shape_F=1000_E
=3000_2_crude_end.eps>
(epstopdf)             \includegraphics on input line 1033.
Package epstopdf Info: Output file is already uptodate.

<ZhiyuPictures/N=20_shape_F=1000_E=3000_2_crude_end-eps-converted-to.pdf, id=49
0, 421.575pt x 316.18124pt>
File: ZhiyuPictures/N=20_shape_F=1000_E=3000_2_crude_end-eps-converted-to.pdf G
raphic file (type pdf)

<use ZhiyuPictures/N=20_shape_F=1000_E=3000_2_crude_end-eps-converted-to.pdf>
Package pdftex.def Info: ZhiyuPictures/N=20_shape_F=1000_E=3000_2_crude_end-eps
-converted-to.pdf used on input line 1033.
(pdftex.def)             Requested size: 168.627pt x 126.47025pt.

Overfull \hbox (15.62544pt too wide) in paragraph at lines 1033--1033
 [][] 
 []


Overfull \hbox (15.62544pt too wide) in paragraph at lines 1033--1033
 [] 
 []


Overfull \hbox (15.62544pt too wide) in paragraph at lines 1033--1033
 [] 
 []

Package epstopdf Info: Source file: <ZhiyuPictures/N=20_shape_F=1000_E=20000_1.
eps>
(epstopdf)                    date: 2017-03-22 21:14:29
(epstopdf)                    size: 52879 bytes
(epstopdf)             Output file: <ZhiyuPictures/N=20_shape_F=1000_E=20000_1-
eps-converted-to.pdf>
(epstopdf)                    date: 2017-03-22 21:14:29
(epstopdf)                    size: 11337 bytes
(epstopdf)             Command: <repstopdf --outfile=ZhiyuPictures/N=20_shape_F
=1000_E=20000_1-eps-converted-to.pdf ZhiyuPictures/N=20_shape_F=1000_E=20000_1.
eps>
(epstopdf)             \includegraphics on input line 1040.
Package epstopdf Info: Output file is already uptodate.

<ZhiyuPictures/N=20_shape_F=1000_E=20000_1-eps-converted-to.pdf, id=491, 421.57
5pt x 316.18124pt>
File: ZhiyuPictures/N=20_shape_F=1000_E=20000_1-eps-converted-to.pdf Graphic fi
le (type pdf)

<use ZhiyuPictures/N=20_shape_F=1000_E=20000_1-eps-converted-to.pdf>
Package pdftex.def Info: ZhiyuPictures/N=20_shape_F=1000_E=20000_1-eps-converte
d-to.pdf used on input line 1040.
(pdftex.def)             Requested size: 168.627pt x 126.47025pt.
Package epstopdf Info: Source file: <ZhiyuPictures/N=20_shape_F=1000_E=20000_2_
crude_begin.eps>
(epstopdf)                    date: 2017-03-22 21:14:29
(epstopdf)                    size: 750014 bytes
(epstopdf)             Output file: <ZhiyuPictures/N=20_shape_F=1000_E=20000_2_
crude_begin-eps-converted-to.pdf>
(epstopdf)                    date: 2017-03-22 21:14:29
(epstopdf)                    size: 69770 bytes
(epstopdf)             Command: <repstopdf --outfile=ZhiyuPictures/N=20_shape_F
=1000_E=20000_2_crude_begin-eps-converted-to.pdf ZhiyuPictures/N=20_shape_F=100
0_E=20000_2_crude_begin.eps>
(epstopdf)             \includegraphics on input line 1040.
Package epstopdf Info: Output file is already uptodate.

<ZhiyuPictures/N=20_shape_F=1000_E=20000_2_crude_begin-eps-converted-to.pdf, id
=492, 421.575pt x 316.18124pt>
File: ZhiyuPictures/N=20_shape_F=1000_E=20000_2_crude_begin-eps-converted-to.pd
f Graphic file (type pdf)

<use ZhiyuPictures/N=20_shape_F=1000_E=20000_2_crude_begin-eps-converted-to.pdf
>
Package pdftex.def Info: ZhiyuPictures/N=20_shape_F=1000_E=20000_2_crude_begin-
eps-converted-to.pdf used on input line 1040.
(pdftex.def)             Requested size: 168.627pt x 126.47025pt.
Package epstopdf Info: Source file: <ZhiyuPictures/N=20_shape_F=1000_E=20000_2_
crude_end.eps>
(epstopdf)                    date: 2017-03-22 21:14:30
(epstopdf)                    size: 1495400 bytes
(epstopdf)             Output file: <ZhiyuPictures/N=20_shape_F=1000_E=20000_2_
crude_end-eps-converted-to.pdf>
(epstopdf)                    date: 2017-04-26 16:26:29
(epstopdf)                    size: 119894 bytes
(epstopdf)             Command: <repstopdf --outfile=ZhiyuPictures/N=20_shape_F
=1000_E=20000_2_crude_end-eps-converted-to.pdf ZhiyuPictures/N=20_shape_F=1000_
E=20000_2_crude_end.eps>
(epstopdf)             \includegraphics on input line 1040.
Package epstopdf Info: Output file is already uptodate.

<ZhiyuPictures/N=20_shape_F=1000_E=20000_2_crude_end-eps-converted-to.pdf, id=4
93, 421.575pt x 316.18124pt>
File: ZhiyuPictures/N=20_shape_F=1000_E=20000_2_crude_end-eps-converted-to.pdf 
Graphic file (type pdf)

<use ZhiyuPictures/N=20_shape_F=1000_E=20000_2_crude_end-eps-converted-to.pdf>
Package pdftex.def Info: ZhiyuPictures/N=20_shape_F=1000_E=20000_2_crude_end-ep
s-converted-to.pdf used on input line 1040.
(pdftex.def)             Requested size: 168.627pt x 126.47025pt.

Overfull \hbox (15.62544pt too wide) in paragraph at lines 1040--1040
 [][] 
 []


Overfull \hbox (15.62544pt too wide) in paragraph at lines 1040--1040
 [] 
 []


Overfull \hbox (15.62544pt too wide) in paragraph at lines 1040--1040
 [] 
 []

Package epstopdf Info: Source file: <ZhiyuPictures/N=20_shape_F=1000_E=100000_1
.eps>
(epstopdf)                    date: 2017-03-22 21:14:29
(epstopdf)                    size: 127728 bytes
(epstopdf)             Output file: <ZhiyuPictures/N=20_shape_F=1000_E=100000_1
-eps-converted-to.pdf>
(epstopdf)                    date: 2017-03-22 21:14:29
(epstopdf)                    size: 26479 bytes
(epstopdf)             Command: <repstopdf --outfile=ZhiyuPictures/N=20_shape_F
=1000_E=100000_1-eps-converted-to.pdf ZhiyuPictures/N=20_shape_F=1000_E=100000_
1.eps>
(epstopdf)             \includegraphics on input line 1047.
Package epstopdf Info: Output file is already uptodate.

<ZhiyuPictures/N=20_shape_F=1000_E=100000_1-eps-converted-to.pdf, id=494, 421.5
75pt x 316.18124pt>
File: ZhiyuPictures/N=20_shape_F=1000_E=100000_1-eps-converted-to.pdf Graphic f
ile (type pdf)

<use ZhiyuPictures/N=20_shape_F=1000_E=100000_1-eps-converted-to.pdf>
Package pdftex.def Info: ZhiyuPictures/N=20_shape_F=1000_E=100000_1-eps-convert
ed-to.pdf used on input line 1047.
(pdftex.def)             Requested size: 168.627pt x 126.47025pt.
Package epstopdf Info: Source file: <ZhiyuPictures/N=20_shape_F=1000_E=100000_2
_crude_begin.eps>
(epstopdf)                    date: 2017-03-22 21:14:29
(epstopdf)                    size: 564728 bytes
(epstopdf)             Output file: <ZhiyuPictures/N=20_shape_F=1000_E=100000_2
_crude_begin-eps-converted-to.pdf>
(epstopdf)                    date: 2017-03-22 21:14:29
(epstopdf)                    size: 54989 bytes
(epstopdf)             Command: <repstopdf --outfile=ZhiyuPictures/N=20_shape_F
=1000_E=100000_2_crude_begin-eps-converted-to.pdf ZhiyuPictures/N=20_shape_F=10
00_E=100000_2_crude_begin.eps>
(epstopdf)             \includegraphics on input line 1047.
Package epstopdf Info: Output file is already uptodate.

<ZhiyuPictures/N=20_shape_F=1000_E=100000_2_crude_begin-eps-converted-to.pdf, i
d=495, 421.575pt x 316.18124pt>
File: ZhiyuPictures/N=20_shape_F=1000_E=100000_2_crude_begin-eps-converted-to.p
df Graphic file (type pdf)

<use ZhiyuPictures/N=20_shape_F=1000_E=100000_2_crude_begin-eps-converted-to.pd
f>
Package pdftex.def Info: ZhiyuPictures/N=20_shape_F=1000_E=100000_2_crude_begin
-eps-converted-to.pdf used on input line 1047.
(pdftex.def)             Requested size: 168.627pt x 126.47025pt.
Package epstopdf Info: Source file: <ZhiyuPictures/N=20_shape_F=1000_E=100000_2
_crude_end.eps>
(epstopdf)                    date: 2017-03-22 21:14:29
(epstopdf)                    size: 1108065 bytes
(epstopdf)             Output file: <ZhiyuPictures/N=20_shape_F=1000_E=100000_2
_crude_end-eps-converted-to.pdf>
(epstopdf)                    date: 2017-03-22 21:14:29
(epstopdf)                    size: 90320 bytes
(epstopdf)             Command: <repstopdf --outfile=ZhiyuPictures/N=20_shape_F
=1000_E=100000_2_crude_end-eps-converted-to.pdf ZhiyuPictures/N=20_shape_F=1000
_E=100000_2_crude_end.eps>
(epstopdf)             \includegraphics on input line 1047.
Package epstopdf Info: Output file is already uptodate.

<ZhiyuPictures/N=20_shape_F=1000_E=100000_2_crude_end-eps-converted-to.pdf, id=
496, 421.575pt x 316.18124pt>
File: ZhiyuPictures/N=20_shape_F=1000_E=100000_2_crude_end-eps-converted-to.pdf
 Graphic file (type pdf)

<use ZhiyuPictures/N=20_shape_F=1000_E=100000_2_crude_end-eps-converted-to.pdf>
Package pdftex.def Info: ZhiyuPictures/N=20_shape_F=1000_E=100000_2_crude_end-e
ps-converted-to.pdf used on input line 1047.
(pdftex.def)             Requested size: 168.627pt x 126.47025pt.

Overfull \hbox (15.62544pt too wide) in paragraph at lines 1047--1047
 [][] 
 []


Overfull \hbox (15.62544pt too wide) in paragraph at lines 1047--1047
 [] 
 []


Overfull \hbox (15.62544pt too wide) in paragraph at lines 1047--1047
 [] 
 []


LaTeX Warning: `h' float specifier changed to `ht'.

[14 <./ZhiyuPictures/LLEdistribution_1_11_pre_hot2_screenshot.png>] [15 <./Zhiy
uPictures/N=20_shape_F=1000_E=3000_1-eps-converted-to.pdf> <./ZhiyuPictures/N=2
0_shape_F=1000_E=3000_2_crude_begin-eps-converted-to.pdf> <./ZhiyuPictures/N=20
_shape_F=1000_E=3000_2_crude_end-eps-converted-to.pdf> <./ZhiyuPictures/N=20_sh
ape_F=1000_E=20000_1-eps-converted-to.pdf> <./ZhiyuPictures/N=20_shape_F=1000_E
=20000_2_crude_begin-eps-converted-to.pdf> <./ZhiyuPictures/N=20_shape_F=1000_E
=20000_2_crude_end-eps-converted-to.pdf> <./ZhiyuPictures/N=20_shape_F=1000_E=1
00000_1-eps-converted-to.pdf> <./ZhiyuPictures/N=20_shape_F=1000_E=100000_2_cru
de_begin-eps-converted-to.pdf> <./ZhiyuPictures/N=20_shape_F=1000_E=100000_2_cr
ude_end-eps-converted-to.pdf>]
Package epstopdf Info: Source file: <ZhiyuPictures/N=50_F=1000_E=30000_shapemov
ie_interval0_628_2_500s_1100_600_Font18.eps>
(epstopdf)                    date: 2017-11-22 13:42:33
(epstopdf)                    size: 251744 bytes
(epstopdf)             Output file: <ZhiyuPictures/N=50_F=1000_E=30000_shapemov
ie_interval0_628_2_500s_1100_600_Font18-eps-converted-to.pdf>
(epstopdf)                    date: 2017-11-22 13:42:33
(epstopdf)                    size: 65221 bytes
(epstopdf)             Command: <repstopdf --outfile=ZhiyuPictures/N=50_F=1000_
E=30000_shapemovie_interval0_628_2_500s_1100_600_Font18-eps-converted-to.pdf Zh
iyuPictures/N=50_F=1000_E=30000_shapemovie_interval0_628_2_500s_1100_600_Font18
.eps>
(epstopdf)             \includegraphics on input line 1080.
Package epstopdf Info: Output file is already uptodate.

<ZhiyuPictures/N=50_F=1000_E=30000_shapemovie_interval0_628_2_500s_1100_600_Fon
t18-eps-converted-to.pdf, id=549, 828.09375pt x 451.6875pt>
File: ZhiyuPictures/N=50_F=1000_E=30000_shapemovie_interval0_628_2_500s_1100_60
0_Font18-eps-converted-to.pdf Graphic file (type pdf)

<use ZhiyuPictures/N=50_F=1000_E=30000_shapemovie_interval0_628_2_500s_1100_600
_Font18-eps-converted-to.pdf>
Package pdftex.def Info: ZhiyuPictures/N=50_F=1000_E=30000_shapemovie_interval0
_628_2_500s_1100_600_Font18-eps-converted-to.pdf used on input line 1080.
(pdftex.def)             Requested size: 414.04587pt x 225.84319pt.

<ZhiyuPictures/quadrupole_mode_2.png, id=550, 1293.83376pt x 185.69376pt>
File: ZhiyuPictures/quadrupole_mode_2.png Graphic file (type png)

<use ZhiyuPictures/quadrupole_mode_2.png>
Package pdftex.def Info: ZhiyuPictures/quadrupole_mode_2.png used on input line
 1086.
(pdftex.def)             Requested size: 517.52434pt x 74.27618pt.

Overfull \hbox (7.52434pt too wide) in paragraph at lines 1086--1087
 [][] 
 []

Package epstopdf Info: Source file: <ZhiyuPictures/N=50_F=1000_E=30000_shapemov
ie_interval0_628_2_500s_Send.eps>
(epstopdf)                    date: 2017-03-22 21:14:30
(epstopdf)                    size: 660734 bytes
(epstopdf)             Output file: <ZhiyuPictures/N=50_F=1000_E=30000_shapemov
ie_interval0_628_2_500s_Send-eps-converted-to.pdf>
(epstopdf)                    date: 2017-03-22 21:14:30
(epstopdf)                    size: 59294 bytes
(epstopdf)             Command: <repstopdf --outfile=ZhiyuPictures/N=50_F=1000_
E=30000_shapemovie_interval0_628_2_500s_Send-eps-converted-to.pdf ZhiyuPictures
/N=50_F=1000_E=30000_shapemovie_interval0_628_2_500s_Send.eps>
(epstopdf)             \includegraphics on input line 1092.
Package epstopdf Info: Output file is already uptodate.

<ZhiyuPictures/N=50_F=1000_E=30000_shapemovie_interval0_628_2_500s_Send-eps-con
verted-to.pdf, id=551, 421.575pt x 316.18124pt>
File: ZhiyuPictures/N=50_F=1000_E=30000_shapemovie_interval0_628_2_500s_Send-ep
s-converted-to.pdf Graphic file (type pdf)

<use ZhiyuPictures/N=50_F=1000_E=30000_shapemovie_interval0_628_2_500s_Send-eps
-converted-to.pdf>
Package pdftex.def Info: ZhiyuPictures/N=50_F=1000_E=30000_shapemovie_interval0
_628_2_500s_Send-eps-converted-to.pdf used on input line 1092.
(pdftex.def)             Requested size: 168.627pt x 126.47025pt.


LaTeX Warning: `h' float specifier changed to `ht'.

[16 <./ZhiyuPictures/N=50_F=1000_E=30000_shapemovie_interval0_628_2_500s_1100_6
00_Font18-eps-converted-to.pdf> <./ZhiyuPictures/quadrupole_mode_2.png>]
[17 <./ZhiyuPictures/N=50_F=1000_E=30000_shapemovie_interval0_628_2_500s_Send-e
ps-converted-to.pdf>]
Missing character: There is no Ã in font cmr9!
Missing character: There is no ¤ in font cmr9!

No file draft_06.bbl.

Package natbib Warning: There were undefined citations.

[18]
Package atveryend Info: Empty hook `AfterLastShipout' on input line 1450.
 (./draft_06.aux)
Package atveryend Info: Executing hook `AtVeryEndDocument' on input line 1450.
Package atveryend Info: Executing hook `AtEndAfterFileList' on input line 1450.

Package rerunfilecheck Info: File `draft_06.out' has not changed.
(rerunfilecheck)             Checksum: 7A49FA2ABFBCCEB228443CC1D23D1A46;1529.


LaTeX Warning: There were multiply-defined labels.

 ) 
Here is how much of TeX's memory you used:
 9008 strings out of 493013
 132056 string characters out of 6139264
 241313 words of memory out of 5000000
 12293 multiletter control sequences out of 15000+600000
 16807 words of font info for 62 fonts, out of 8000000 for 9000
 1141 hyphenation exceptions out of 8191
 31i,10n,35p,1351b,559s stack positions out of 5000i,500n,10000p,200000b,80000s
</usr/share/texmf-dist/fonts/type1/public/amsfonts/cm/cmbx10.pfb></usr/share/
texmf-dist/fonts/type1/public/amsfonts/cm/cmbx12.pfb></usr/share/texmf-dist/fon
ts/type1/public/amsfonts/cm/cmbx9.pfb></usr/share/texmf-dist/fonts/type1/public
/amsfonts/cm/cmex10.pfb></usr/share/texmf-dist/fonts/type1/public/amsfonts/cmex
tra/cmex9.pfb></usr/share/texmf-dist/fonts/type1/public/amsfonts/cm/cmmi10.pfb>
</usr/share/texmf-dist/fonts/type1/public/amsfonts/cm/cmmi5.pfb></usr/share/tex
mf-dist/fonts/type1/public/amsfonts/cm/cmmi6.pfb></usr/share/texmf-dist/fonts/t
ype1/public/amsfonts/cm/cmmi7.pfb></usr/share/texmf-dist/fonts/type1/public/ams
fonts/cm/cmmi8.pfb></usr/share/texmf-dist/fonts/type1/public/amsfonts/cm/cmmi9.
pfb></usr/share/texmf-dist/fonts/type1/public/amsfonts/cm/cmr10.pfb></usr/share
/texmf-dist/fonts/type1/public/amsfonts/cm/cmr5.pfb></usr/share/texmf-dist/font
s/type1/public/amsfonts/cm/cmr6.pfb></usr/share/texmf-dist/fonts/type1/public/a
msfonts/cm/cmr7.pfb></usr/share/texmf-dist/fonts/type1/public/amsfonts/cm/cmr8.
pfb></usr/share/texmf-dist/fonts/type1/public/amsfonts/cm/cmr9.pfb></usr/share/
texmf-dist/fonts/type1/public/amsfonts/cm/cmsy10.pfb></usr/share/texmf-dist/fon
ts/type1/public/amsfonts/cm/cmsy6.pfb></usr/share/texmf-dist/fonts/type1/public
/amsfonts/cm/cmsy7.pfb></usr/share/texmf-dist/fonts/type1/public/amsfonts/cm/cm
sy9.pfb></usr/share/texmf-dist/fonts/type1/public/amsfonts/cm/cmti10.pfb></usr/
share/texmf-dist/fonts/type1/public/amsfonts/cm/cmti9.pfb></usr/share/texmf-dis
t/fonts/type1/public/amsfonts/symbols/msam10.pfb></usr/share/texmf-dist/fonts/t
ype1/public/amsfonts/symbols/msbm10.pfb>
Output written on draft_06.pdf (18 pages, 1562598 bytes).
PDF statistics:
 689 PDF objects out of 1000 (max. 8388607)
 559 compressed objects within 6 object streams
 112 named destinations out of 1000 (max. 500000)
 289 words of extra memory for PDF output out of 10000 (max. 10000000)

