This is pdfTeX, Version 3.14159265-2.6-1.40.17 (TeX Live 2016 on Slackware (SlackBuilds.org)) (preloaded format=pdflatex 2017.2.28)  10 DEC 2017 18:31
entering extended mode
 restricted \write18 enabled.
 %&-line parsing enabled.
**\nonstopmode\input Boltzmann_log_2panels_01.tex
(./Boltzmann_log_2panels_01.tex
(/usr/share/texmf-dist/tex/latex/base/minimal.cls
Document Class: minimal 2001/05/25 Standard LaTeX minimal class
) (/usr/share/texmf-dist/tex/latex/graphics/graphicx.sty
Package: graphicx 2014/10/28 v1.0g Enhanced LaTeX Graphics (DPC,SPQR)

(/usr/share/texmf-dist/tex/latex/graphics/keyval.sty
Package: keyval 2014/10/28 v1.15 key=value parser (DPC)
\KV@toks@=\toks14
)
(/usr/share/texmf-dist/tex/latex/graphics/graphics.sty
Package: graphics 2016/07/10 v1.0t Standard LaTeX Graphics (DPC,SPQR)

(/usr/share/texmf-dist/tex/latex/graphics/trig.sty
Package: trig 2016/01/03 v1.10 sin cos tan (DPC)
)
(/usr/share/texmf-dist/tex/latex/graphics-cfg/graphics.cfg
File: graphics.cfg 2016/06/04 v1.11 sample graphics configuration
)
Package graphics Info: Driver file: pdftex.def on input line 99.

(/usr/share/texmf-dist/tex/latex/graphics-def/pdftex.def
File: pdftex.def 2016/07/10 v0.06j Graphics/color for pdfTeX

(/usr/share/texmf-dist/tex/generic/oberdiek/infwarerr.sty
Package: infwarerr 2016/05/16 v1.4 Providing info/warning/error messages (HO)
)
(/usr/share/texmf-dist/tex/generic/oberdiek/ltxcmds.sty
Package: ltxcmds 2016/05/16 v1.23 LaTeX kernel commands for general use (HO)
)
\Gread@gobject=\count79
))
\Gin@req@height=\dimen102
\Gin@req@width=\dimen103
)
(/usr/share/texmf-dist/tex/latex/subfigure/subfigure.sty
Package: subfigure 2002/03/15 v2.1.5 subfigure package
\subfigtopskip=\skip41
\subfigcapskip=\skip42
\subfigcaptopadj=\dimen104
\subfigbottomskip=\skip43
\subfigcapmargin=\dimen105
\subfiglabelskip=\skip44
\c@subfigure=\count80


! LaTeX Error: No counter 'figure' defined.

See the LaTeX manual or LaTeX Companion for explanation.
Type  H <return>  for immediate help.
 ...                                              
                                                  
l.113 \newcounter{subfigure}[figure]
                                    
Your command was ignored.
Type  I <command> <return>  to replace it with another command,
or  <return>  to continue without it.

\c@lofdepth=\count81
\c@subtable=\count82

! LaTeX Error: No counter 'table' defined.

See the LaTeX manual or LaTeX Companion for explanation.
Type  H <return>  for immediate help.
 ...                                              
                                                  
l.126 \newcounter{subtable}[table]
                                  
Your command was ignored.
Type  I <command> <return>  to replace it with another command,
or  <return>  to continue without it.

\c@lotdepth=\count83
****************************************
* Local config file subfigure.cfg used *
****************************************
(/usr/share/texmf-dist/tex/latex/subfigure/subfigure.cfg)
\subfig@top=\skip45
\subfig@bottom=\skip46
)
(./Boltzmann_log_2panels_01.aux)
\openout1 = `Boltzmann_log_2panels_01.aux'.

LaTeX Font Info:    Checking defaults for OML/cmm/m/it on input line 7.
LaTeX Font Info:    ... okay on input line 7.
LaTeX Font Info:    Checking defaults for T1/cmr/m/n on input line 7.
LaTeX Font Info:    ... okay on input line 7.
LaTeX Font Info:    Checking defaults for OT1/cmr/m/n on input line 7.
LaTeX Font Info:    ... okay on input line 7.
LaTeX Font Info:    Checking defaults for OMS/cmsy/m/n on input line 7.
LaTeX Font Info:    ... okay on input line 7.
LaTeX Font Info:    Checking defaults for OMX/cmex/m/n on input line 7.
LaTeX Font Info:    ... okay on input line 7.
LaTeX Font Info:    Checking defaults for U/cmr/m/n on input line 7.
LaTeX Font Info:    ... okay on input line 7.

(/usr/share/texmf-dist/tex/context/base/mkii/supp-pdf.mkii
[Loading MPS to PDF converter (version 2006.09.02).]
\scratchcounter=\count84
\scratchdimen=\dimen106
\scratchbox=\box26
\nofMPsegments=\count85
\nofMParguments=\count86
\everyMPshowfont=\toks15
\MPscratchCnt=\count87
\MPscratchDim=\dimen107
\MPnumerator=\count88
\makeMPintoPDFobject=\count89
\everyMPtoPDFconversion=\toks16
) (/usr/share/texmf-dist/tex/generic/oberdiek/pdftexcmds.sty
Package: pdftexcmds 2016/05/21 v0.22 Utility functions of pdfTeX for LuaTeX (HO
)

(/usr/share/texmf-dist/tex/generic/oberdiek/ifluatex.sty
Package: ifluatex 2016/05/16 v1.4 Provides the ifluatex switch (HO)
Package ifluatex Info: LuaTeX not detected.
)
(/usr/share/texmf-dist/tex/generic/oberdiek/ifpdf.sty
Package: ifpdf 2016/05/14 v3.1 Provides the ifpdf switch
)
Package pdftexcmds Info: LuaTeX not detected.
Package pdftexcmds Info: \pdf@primitive is available.
Package pdftexcmds Info: \pdf@ifprimitive is available.
Package pdftexcmds Info: \pdfdraftmode found.
)
(/usr/share/texmf-dist/tex/latex/oberdiek/epstopdf-base.sty
Package: epstopdf-base 2016/05/15 v2.6 Base part for package epstopdf

(/usr/share/texmf-dist/tex/latex/oberdiek/grfext.sty
Package: grfext 2016/05/16 v1.2 Manage graphics extensions (HO)

(/usr/share/texmf-dist/tex/generic/oberdiek/kvdefinekeys.sty
Package: kvdefinekeys 2016/05/16 v1.4 Define keys (HO)
))
(/usr/share/texmf-dist/tex/latex/oberdiek/kvoptions.sty
Package: kvoptions 2016/05/16 v3.12 Key value format for package options (HO)

(/usr/share/texmf-dist/tex/generic/oberdiek/kvsetkeys.sty
Package: kvsetkeys 2016/05/16 v1.17 Key value parser (HO)

(/usr/share/texmf-dist/tex/generic/oberdiek/etexcmds.sty
Package: etexcmds 2016/05/16 v1.6 Avoid name clashes with e-TeX commands (HO)
Package etexcmds Info: Could not find \expanded.
(etexcmds)             That can mean that you are not using pdfTeX 1.50 or
(etexcmds)             that some package has redefined \expanded.
(etexcmds)             In the latter case, load this package earlier.
)))
Package epstopdf-base Info: Redefining graphics rule for `.eps' on input line 4
38.
Package grfext Info: Graphics extension search list:
(grfext)             [.png,.pdf,.jpg,.mps,.jpeg,.jbig2,.jb2,.PNG,.PDF,.JPG,.JPE
G,.JBIG2,.JB2,.eps]
(grfext)             \AppendGraphicsExtensions on input line 456.

(/usr/share/texmf-dist/tex/latex/latexconfig/epstopdf-sys.cfg
File: epstopdf-sys.cfg 2010/07/13 v1.3 Configuration of (r)epstopdf for TeX Liv
e
))
<boltzmann_N=10_F=10000_500_400_Font16_lg.pdf, id=1, 376.40625pt x 301.125pt>
File: boltzmann_N=10_F=10000_500_400_Font16_lg.pdf Graphic file (type pdf)

<use boltzmann_N=10_F=10000_500_400_Font16_lg.pdf>
Package pdftex.def Info: boltzmann_N=10_F=10000_500_400_Font16_lg.pdf used on i
nput line 10.
(pdftex.def)             Requested size: 225.48038pt x 180.38692pt.

<boltzmann_N=20_F=10000_500_400_Font16_lg.pdf, id=2, 376.40625pt x 301.125pt>
File: boltzmann_N=20_F=10000_500_400_Font16_lg.pdf Graphic file (type pdf)

<use boltzmann_N=20_F=10000_500_400_Font16_lg.pdf>
Package pdftex.def Info: boltzmann_N=20_F=10000_500_400_Font16_lg.pdf used on i
nput line 11.
(pdftex.def)             Requested size: 225.48038pt x 180.38692pt.

Overfull \hbox (3.42798pt too wide) in paragraph at lines 10--12
[][] [] 
 []

[1 <./boltzmann_N=10_F=10000_500_400_Font16_lg.pdf{/usr/share/texmf-var/fonts/m
ap/pdftex/updmap/pdftex.map}> <./boltzmann_N=20_F=10000_500_400_Font16_lg.pdf>]
(./Boltzmann_log_2panels_01.aux) ) 
Here is how much of TeX's memory you used:
 1464 strings out of 493013
 21791 string characters out of 6139264
 76800 words of memory out of 5000000
 5025 multiletter control sequences out of 15000+600000
 3640 words of font info for 14 fonts, out of 8000000 for 9000
 1141 hyphenation exceptions out of 8191
 40i,4n,25p,277b,114s stack positions out of 5000i,500n,10000p,200000b,80000s

Output written on Boltzmann_log_2panels_01.pdf (1 page, 14778 bytes).
PDF statistics:
 58 PDF objects out of 1000 (max. 8388607)
 38 compressed objects within 1 object stream
 0 named destinations out of 1000 (max. 500000)
 11 words of extra memory for PDF output out of 10000 (max. 10000000)

